INFO:root:__main__


INFO:root:utilidades_datos


INFO:root:En día y hora: Mon Dec  4 19:47:25 2017
INFO:root:Función accesoCasosTestTxt || rutaAccesoFichero = 87 || tipo de dato rutaAccesoFichero = <class 'int'>
ERROR:root:El nombre del fichero ha de ser un string 

INFO:root:En día y hora: Mon Dec  4 19:47:25 2017
INFO:root:Función accesoCasosTestTxt || rutaAccesoFichero = 289
ERROR:root: Fichero no encontrado 

INFO:root:En día y hora: Mon Dec  4 19:47:25 2017
INFO:root:Función crearFicheroCasosTest ||  matrizCasosTest = []
ERROR:root:assert len(matrizCasosTest[0])>0 

INFO:root:En día y hora: Mon Dec  4 19:47:25 2017
INFO:root:Función crearFicheroCasosTest || ficheroVolcadoCasosTest = [] || tipo de dato ficheroVolcadoCasosTest = <class 'list'>
ERROR:root:La ruta de acceso al fichero ha de ser un string 

INFO:root:utilidades_datos


INFO:root:En día y hora: Mon Dec  4 19:47:25 2017
INFO:root:Función convertirStringADatos ||  atributo = 1 || atributo type = <class 'int'>
ERROR:root:assert isinstance(matrizCasosTest[matrizDiaIndice][listaItemIndice][atributoIndice],str) 

INFO:root:utilidades_datos


INFO:root:En día y hora: Mon Dec  4 19:47:25 2017
INFO:root:Función convertirStringADatos ||  atributo = thats not an int || atributo type = <class 'str'>
ERROR:root:assert isinstance(matrizCasosTest[matrizDiaIndice][listaItemIndice][atributoIndice],int) 

INFO:root:__main__


INFO:root:En día y hora: Mon Dec  4 19:51:20 2017
INFO:root:Función accesoCasosTestTxt || rutaAccesoFichero = 87 || tipo de dato rutaAccesoFichero = <class 'int'>
ERROR:root:El nombre del fichero ha de ser un string 

INFO:root:En día y hora: Mon Dec  4 19:51:20 2017
INFO:root:Función accesoCasosTestTxt || rutaAccesoFichero = 289
ERROR:root: Fichero no encontrado 

INFO:root:En día y hora: Mon Dec  4 19:51:20 2017
INFO:root:Función crearFicheroCasosTest ||  matrizCasosTest = []
ERROR:root:assert len(matrizCasosTest[0])>0 

INFO:root:En día y hora: Mon Dec  4 19:51:20 2017
INFO:root:Función crearFicheroCasosTest || ficheroVolcadoCasosTest = [] || tipo de dato ficheroVolcadoCasosTest = <class 'list'>
ERROR:root:La ruta de acceso al fichero ha de ser un string 

INFO:root:En día y hora: Mon Dec  4 19:51:20 2017
INFO:root:Función convertirStringADatos ||  atributo = 1 || atributo type = <class 'int'>
ERROR:root:assert isinstance(matrizCasosTest[matrizDiaIndice][listaItemIndice][atributoIndice],str) 

INFO:root:En día y hora: Mon Dec  4 19:51:20 2017
INFO:root:Función convertirStringADatos ||  atributo = thats not an int || atributo type = <class 'str'>
ERROR:root:assert isinstance(matrizCasosTest[matrizDiaIndice][listaItemIndice][atributoIndice],int) 

INFO:root:En día y hora: Mon Dec  4 19:57:50 2017
INFO:root:__main__
INFO:root:Función accesoCasosTestTxt ||  matrizCasosTest = 9 || matrizCasosTest type = <class 'int'>
ERROR:root:assert isinstance(matrizCasosTest,list) 

INFO:root:En día y hora: Mon Dec  4 19:57:50 2017
INFO:root:__main__
INFO:root:Función accesoCasosTestTxt || rutaAccesoFichero = k
ERROR:root: Fichero no encontrado 

INFO:root:En día y hora: Mon Dec  4 19:57:50 2017
INFO:root:__main__
INFO:root:Función accesoCasosTestTxt || rutaAccesoFichero = 87 || tipo de dato rutaAccesoFichero = <class 'int'>
ERROR:root:El nombre del fichero ha de ser un string 

INFO:root:En día y hora: Mon Dec  4 19:57:50 2017
INFO:root:__main__
INFO:root:Función accesoCasosTestTxt || rutaAccesoFichero = 289
ERROR:root: Fichero no encontrado 

INFO:root:En día y hora: Mon Dec  4 19:57:50 2017
INFO:root:__main__
INFO:root:Función crearFicheroCasosTest ||  matrizCasosTest = []
ERROR:root:assert len(matrizCasosTest[0])>0 

INFO:root:En día y hora: Mon Dec  4 19:57:50 2017
INFO:root:__main__
INFO:root:Función crearFicheroCasosTest || ficheroVolcadoCasosTest = [] || tipo de dato ficheroVolcadoCasosTest = <class 'list'>
ERROR:root:La ruta de acceso al fichero ha de ser un string 

INFO:root:En día y hora: Mon Dec  4 19:57:50 2017
INFO:root:Función convertirStringADatos ||  atributo = 1 || atributo type = <class 'int'>
ERROR:root:assert isinstance(matrizCasosTest[matrizDiaIndice][listaItemIndice][atributoIndice],str) 

INFO:root:En día y hora: Mon Dec  4 19:57:50 2017
INFO:root:Función convertirStringADatos ||  atributo = thats not an int || atributo type = <class 'str'>
ERROR:root:assert isinstance(matrizCasosTest[matrizDiaIndice][listaItemIndice][atributoIndice],int) 

INFO:root:En día y hora: Mon Dec  4 20:01:57 2017
INFO:root:__main__
INFO:root:Función accesoCasosTestTxt ||  matrizCasosTest = 9 || matrizCasosTest type = <class 'int'>
ERROR:root:assert isinstance(matrizCasosTest,list) 

INFO:root:En día y hora: Mon Dec  4 20:01:57 2017
INFO:root:__main__
INFO:root:Función accesoCasosTestTxt || rutaAccesoFichero = k
ERROR:root: Fichero no encontrado 

INFO:root:En día y hora: Mon Dec  4 20:01:57 2017
INFO:root:__main__
INFO:root:Función accesoCasosTestTxt || rutaAccesoFichero = 87 || tipo de dato rutaAccesoFichero = <class 'int'>
ERROR:root:El nombre del fichero ha de ser un string 

INFO:root:En día y hora: Mon Dec  4 20:01:57 2017
INFO:root:__main__
INFO:root:Función accesoCasosTestTxt || rutaAccesoFichero = 289
ERROR:root: Fichero no encontrado 

INFO:root:En día y hora: Mon Dec  4 20:01:57 2017
INFO:root:__main__
INFO:root:Función crearFicheroCasosTest ||  matrizCasosTest = []
ERROR:root:assert len(matrizCasosTest[0])>0 

INFO:root:En día y hora: Mon Dec  4 20:01:57 2017
INFO:root:__main__
INFO:root:Función crearFicheroCasosTest || ficheroVolcadoCasosTest = [] || tipo de dato ficheroVolcadoCasosTest = <class 'list'>
ERROR:root:La ruta de acceso al fichero ha de ser un string 

INFO:root:En día y hora: Mon Dec  4 20:01:57 2017
INFO:root:utilidades_datos
INFO:root:Función convertirStringADatos ||  atributo = 1 || atributo type = <class 'int'>
ERROR:root:assert isinstance(matrizCasosTest[matrizDiaIndice][listaItemIndice][atributoIndice],str) 

INFO:root:En día y hora: Mon Dec  4 20:01:57 2017
INFO:root:utilidades_datos
INFO:root:Función convertirStringADatos ||  atributo = thats not an int || atributo type = <class 'str'>
ERROR:root:assert isinstance(matrizCasosTest[matrizDiaIndice][listaItemIndice][atributoIndice],int) 

